Arguments: 
  /usr/local/bin/node /usr/local/bin/yarn

PATH: 
  /usr/local/bin:/usr/bin:/bin:/usr/sbin:/sbin:/Library/Apple/usr/bin:/Library/Apple/bin

Yarn version: 
  1.13.0

Node version: 
  10.15.1

Platform: 
  darwin x64

Trace: 
  Error: EACCES: permission denied, mkdir '/Users/seanlyons/Sites/startpage/next/node_modules/@babel/core/node_modules/debug'

npm manifest: 
  {
    "name": "next",
    "version": "1.0.0",
    "description": "",
    "main": "index.js",
    "dependencies": {
      "@sanity/cli": "^0.147.3",
      "@sanity/client": "^0.147.3",
      "next": "^9.1.6",
      "react": "^16.12.0",
      "react-dom": "^16.12.0"
    },
    "devDependencies": {},
    "scripts": {
      "dev": "next",
      "build": "next build",
      "start": "next start"
    },
    "author": "",
    "license": "ISC"
  }

yarn manifest: 
  No manifest

Lockfile: 
  No lockfile
